Using pre-set license
Built from '2020.2/release' branch; Version is '2020.2.1f1 (270dd8c3da1c) revision 2559448'; Using compiler version '192528614'; Build Type 'Release'
OS: 'Windows 10  (10.0.0) 64bit' Language: 'fi' Physical Memory: 8126 MB
BatchMode: 1, IsHumanControllingUs: 0, StartBugReporterOnCrash: 0, Is64bit: 1, IsPro: 0

 COMMAND LINE ARGUMENTS:
E:\ohjelmistot\2020.2.1f1\Editor\Unity.exe
-adb2
-batchMode
-noUpm
-name
AssetImportWorker0
-projectPath
E:/Unity Pelit Omat/LoopDeLoop/LoopDeLoop
-logFile
Logs/AssetImportWorker0.log
-srvPort
63676
Successfully changed project path to: E:/Unity Pelit Omat/LoopDeLoop/LoopDeLoop
E:/Unity Pelit Omat/LoopDeLoop/LoopDeLoop
Using Asset Import Pipeline V2.
Refreshing native plugins compatible for Editor in 64.81 ms, found 0 plugins.
Preloading 0 native plugins for Editor in 0.00 ms.
Initialize engine version: 2020.2.1f1 (270dd8c3da1c)
[Subsystems] Discovering subsystems at path E:/ohjelmistot/2020.2.1f1/Editor/Data/Resources/UnitySubsystems
[Subsystems] Discovering subsystems at path E:/Unity Pelit Omat/LoopDeLoop/LoopDeLoop/Assets
GfxDevice: creating device client; threaded=0
Direct3D:
    Version:  Direct3D 11.0 [level 11.1]
    Renderer: NVIDIA GeForce GTX 970 (ID=0x13c2)
    Vendor:   
    VRAM:     4043 MB
    Driver:   27.21.14.6079
Initialize mono
Mono path[0] = 'E:/ohjelmistot/2020.2.1f1/Editor/Data/Managed'
Mono path[1] = 'E:/ohjelmistot/2020.2.1f1/Editor/Data/MonoBleedingEdge/lib/mono/unityjit'
Mono config path = 'E:/ohjelmistot/2020.2.1f1/Editor/Data/MonoBleedingEdge/etc'
Using monoOptions --debugger-agent=transport=dt_socket,embedding=1,server=y,suspend=n,address=127.0.0.1:56708
Begin MonoManager ReloadAssembly
Registering precompiled unity dll's ...
Register platform support module: E:/ohjelmistot/2020.2.1f1/Editor/Data/PlaybackEngines/WindowsStandaloneSupport/UnityEditor.WindowsStandalone.Extensions.dll
Registered in 0.001714 seconds.
Native extension for WindowsStandalone target not found
Refreshing native plugins compatible for Editor in 29.25 ms, found 0 plugins.
Preloading 0 native plugins for Editor in 0.00 ms.
Invoked RoslynAnalysisRunner static constructor.
RoslynAnalysisRunner will not be running.
RoslynAnalysisRunner has terminated.
Mono: successfully reloaded assembly
- Completed reload, in  3.823 seconds
Platform modules already initialized, skipping
Registering precompiled user dll's ...
Registered in 0.000860 seconds.
Begin MonoManager ReloadAssembly
Native extension for WindowsStandalone target not found
Refreshing native plugins compatible for Editor in 0.20 ms, found 0 plugins.
Preloading 0 native plugins for Editor in 0.00 ms.
Invoked RoslynAnalysisRunner static constructor.
RoslynAnalysisRunner will not be running.
RoslynAnalysisRunner has terminated.
Mono: successfully reloaded assembly
- Completed reload, in  1.142 seconds
Platform modules already initialized, skipping
========================================================================
Worker process is ready to serve import requests
Launched and connected shader compiler UnityShaderCompiler.exe after 0.09 seconds
Refreshing native plugins compatible for Editor in 0.20 ms, found 0 plugins.
Preloading 0 native plugins for Editor in 0.00 ms.
Unloading 1095 Unused Serialized files (Serialized files now loaded: 0)
System memory in use before: 55.9 MB.
System memory in use after: 56.0 MB.

Unloading 10 unused Assets to reduce memory usage. Loaded Objects now: 1533.
Total: 2.431800 ms (FindLiveObjects: 0.188300 ms CreateObjectMapping: 0.065200 ms MarkObjects: 2.007300 ms  DeleteObjects: 0.169300 ms)

========================================================================
Received Import Request.
  path: Assets
  artifactKey: Guid(00000000000000001000000000000000) Importer(815301076,1909f56bfc062723c751e8b465ee728b)
Start importing Assets using Guid(00000000000000001000000000000000) Importer(815301076,1909f56bfc062723c751e8b465ee728b)  -> (artifact id: 'e1a2c4dac9df7c17871e19a3b74f0e9f') in 0.061999 seconds
  Import took 0.064097 seconds .

========================================================================
Received Import Request.
  Time since last request: 1.680101 seconds.
  path: Assets/Scripts
  artifactKey: Guid(fafc9d97d4cc2324b8ce1488233627a0) Importer(815301076,1909f56bfc062723c751e8b465ee728b)
Start importing Assets/Scripts using Guid(fafc9d97d4cc2324b8ce1488233627a0) Importer(815301076,1909f56bfc062723c751e8b465ee728b)  -> (artifact id: 'cec35c0fae506405dea6fb782dab0e53') in 0.004261 seconds
  Import took 0.006864 seconds .

========================================================================
Received Import Request.
  Time since last request: 0.001346 seconds.
  path: Assets/Scripts
  artifactKey: Guid(fafc9d97d4cc2324b8ce1488233627a0) Importer(815301076,1909f56bfc062723c751e8b465ee728b)
Start importing Assets/Scripts using Guid(fafc9d97d4cc2324b8ce1488233627a0) Importer(815301076,1909f56bfc062723c751e8b465ee728b)  -> (artifact id: 'cec35c0fae506405dea6fb782dab0e53') in 0.006512 seconds
  Import took 0.008889 seconds .

========================================================================
Received Import Request.
  Time since last request: 4.882485 seconds.
  path: Assets/Scenes
  artifactKey: Guid(7c3ae48cc762c384c824866bcac6e2aa) Importer(815301076,1909f56bfc062723c751e8b465ee728b)
Start importing Assets/Scenes using Guid(7c3ae48cc762c384c824866bcac6e2aa) Importer(815301076,1909f56bfc062723c751e8b465ee728b)  -> (artifact id: 'aaee21bf18be1faf367102f04a5c8d65') in 0.005361 seconds
  Import took 0.007530 seconds .

========================================================================
Received Import Request.
  Time since last request: 9.099334 seconds.
  path: Assets/Scenes/SininScene.unity
  artifactKey: Guid(a90aa56770a7c9640bd2fbf37b2f696d) Importer(815301076,1909f56bfc062723c751e8b465ee728b)
Start importing Assets/Scenes/SininScene.unity using Guid(a90aa56770a7c9640bd2fbf37b2f696d) Importer(815301076,1909f56bfc062723c751e8b465ee728b)  -> (artifact id: '91af66e983cda0a0ec880bfc20835bf9') in 0.030643 seconds
  Import took 0.032890 seconds .

========================================================================
Received Import Request.
  Time since last request: 3.140978 seconds.
  path: Assets/Scenes/SampleScene.unity
  artifactKey: Guid(9fc0d4010bbf28b4594072e72b8655ab) Importer(815301076,1909f56bfc062723c751e8b465ee728b)
Start importing Assets/Scenes/SampleScene.unity using Guid(9fc0d4010bbf28b4594072e72b8655ab) Importer(815301076,1909f56bfc062723c751e8b465ee728b)  -> (artifact id: '016640421bf54ce873cbc7b610fdb87c') in 0.006034 seconds
  Import took 0.008277 seconds .

========================================================================
Received Import Request.
  Time since last request: 33.396976 seconds.
  path: Assets/Prefabs
  artifactKey: Guid(9bbf86438c2863642a12dd87d795d310) Importer(815301076,1909f56bfc062723c751e8b465ee728b)
Start importing Assets/Prefabs using Guid(9bbf86438c2863642a12dd87d795d310) Importer(815301076,1909f56bfc062723c751e8b465ee728b)  -> (artifact id: '117908126e4a6e8dcfe02bf43ba26ceb') in 0.010116 seconds
  Import took 0.012427 seconds .

========================================================================
Received Import Request.
  Time since last request: 12.039103 seconds.
  path: Assets/Prefabs/SininPrefabs
  artifactKey: Guid(9fcc56d1853f6cd4cbdf677f35baf65d) Importer(815301076,1909f56bfc062723c751e8b465ee728b)
Start importing Assets/Prefabs/SininPrefabs using Guid(9fcc56d1853f6cd4cbdf677f35baf65d) Importer(815301076,1909f56bfc062723c751e8b465ee728b)  -> (artifact id: 'f8ea4fa6a263b133f810d3abc30bcdba') in 0.005663 seconds
  Import took 0.020401 seconds .

