Using pre-set license
Built from '2020.2/release' branch; Version is '2020.2.1f1 (270dd8c3da1c) revision 2559448'; Using compiler version '192528614'; Build Type 'Release'
OS: 'Windows 10  (10.0.0) 64bit' Language: 'fi' Physical Memory: 8126 MB
BatchMode: 1, IsHumanControllingUs: 0, StartBugReporterOnCrash: 0, Is64bit: 1, IsPro: 0

 COMMAND LINE ARGUMENTS:
E:\ohjelmistot\2020.2.1f1\Editor\Unity.exe
-adb2
-batchMode
-noUpm
-name
AssetImportWorker0
-projectPath
E:/Unity Pelit Omat/LoopDeLoppUusi/LoopDeLoop
-logFile
Logs/AssetImportWorker0.log
-srvPort
49816
Successfully changed project path to: E:/Unity Pelit Omat/LoopDeLoppUusi/LoopDeLoop
E:/Unity Pelit Omat/LoopDeLoppUusi/LoopDeLoop
Using Asset Import Pipeline V2.
Refreshing native plugins compatible for Editor in 49.55 ms, found 0 plugins.
Preloading 0 native plugins for Editor in 0.00 ms.
Initialize engine version: 2020.2.1f1 (270dd8c3da1c)
[Subsystems] Discovering subsystems at path E:/ohjelmistot/2020.2.1f1/Editor/Data/Resources/UnitySubsystems
[Subsystems] Discovering subsystems at path E:/Unity Pelit Omat/LoopDeLoppUusi/LoopDeLoop/Assets
GfxDevice: creating device client; threaded=0
Direct3D:
    Version:  Direct3D 11.0 [level 11.1]
    Renderer: NVIDIA GeForce GTX 970 (ID=0x13c2)
    Vendor:   
    VRAM:     4043 MB
    Driver:   27.21.14.6079
Shader 'Universal Render Pipeline/Particles/Lit': fallback shader 'Universal Render Pipeline/Particles/SimpleLit' not found
Initialize mono
Mono path[0] = 'E:/ohjelmistot/2020.2.1f1/Editor/Data/Managed'
Mono path[1] = 'E:/ohjelmistot/2020.2.1f1/Editor/Data/MonoBleedingEdge/lib/mono/unityjit'
Mono config path = 'E:/ohjelmistot/2020.2.1f1/Editor/Data/MonoBleedingEdge/etc'
Using monoOptions --debugger-agent=transport=dt_socket,embedding=1,server=y,suspend=n,address=127.0.0.1:56772
Begin MonoManager ReloadAssembly
Registering precompiled unity dll's ...
Register platform support module: E:/ohjelmistot/2020.2.1f1/Editor/Data/PlaybackEngines/WindowsStandaloneSupport/UnityEditor.WindowsStandalone.Extensions.dll
Registered in 0.002437 seconds.
Native extension for WindowsStandalone target not found
Refreshing native plugins compatible for Editor in 49.55 ms, found 0 plugins.
Preloading 0 native plugins for Editor in 0.00 ms.
Invoked RoslynAnalysisRunner static constructor.
RoslynAnalysisRunner will not be running.
RoslynAnalysisRunner has terminated.
Mono: successfully reloaded assembly
- Completed reload, in  3.840 seconds
Platform modules already initialized, skipping
Registering precompiled user dll's ...
Registered in 0.001797 seconds.
Begin MonoManager ReloadAssembly
Native extension for WindowsStandalone target not found
Refreshing native plugins compatible for Editor in 53.75 ms, found 0 plugins.
Preloading 0 native plugins for Editor in 0.00 ms.
Invoked RoslynAnalysisRunner static constructor.
RoslynAnalysisRunner will not be running.
RoslynAnalysisRunner has terminated.
Mono: successfully reloaded assembly
- Completed reload, in  1.254 seconds
Platform modules already initialized, skipping
========================================================================
Worker process is ready to serve import requests
Shader 'Universal Render Pipeline/Particles/Lit': fallback shader 'Universal Render Pipeline/Particles/SimpleLit' not found
Launched and connected shader compiler UnityShaderCompiler.exe after 0.07 seconds
Refreshing native plugins compatible for Editor in 0.62 ms, found 0 plugins.
Preloading 0 native plugins for Editor in 0.00 ms.
Unloading 2388 Unused Serialized files (Serialized files now loaded: 0)
System memory in use before: 110.9 MB.
System memory in use after: 111.1 MB.

Unloading 10 unused Assets to reduce memory usage. Loaded Objects now: 2828.
Total: 4.028100 ms (FindLiveObjects: 1.308000 ms CreateObjectMapping: 0.233600 ms MarkObjects: 2.413400 ms  DeleteObjects: 0.071300 ms)

========================================================================
Received Import Request.
  path: Assets/Scenes/SininScene.unity
  artifactKey: Guid(a90aa56770a7c9640bd2fbf37b2f696d) Importer(815301076,1909f56bfc062723c751e8b465ee728b)
Start importing Assets/Scenes/SininScene.unity using Guid(a90aa56770a7c9640bd2fbf37b2f696d) Importer(815301076,1909f56bfc062723c751e8b465ee728b)  -> (artifact id: 'c747368699f0c68561edfc534bd5eaf6') in 0.060681 seconds
  Import took 0.065578 seconds .

========================================================================
Received Prepare
Registering precompiled user dll's ...
Registered in 0.001817 seconds.
Begin MonoManager ReloadAssembly
Native extension for WindowsStandalone target not found
Refreshing native plugins compatible for Editor in 0.40 ms, found 0 plugins.
Preloading 0 native plugins for Editor in 0.00 ms.
Invoked RoslynAnalysisRunner static constructor.
RoslynAnalysisRunner will not be running.
RoslynAnalysisRunner has terminated.
Mono: successfully reloaded assembly
- Completed reload, in  1.785 seconds
Platform modules already initialized, skipping
Shader 'Universal Render Pipeline/Particles/Lit': fallback shader 'Universal Render Pipeline/Particles/SimpleLit' not found
Refreshing native plugins compatible for Editor in 0.40 ms, found 0 plugins.
Preloading 0 native plugins for Editor in 0.00 ms.
Unloading 2283 Unused Serialized files (Serialized files now loaded: 0)
System memory in use before: 105.7 MB.
System memory in use after: 105.9 MB.

Unloading 5 unused Assets to reduce memory usage. Loaded Objects now: 2830.
Total: 4.691100 ms (FindLiveObjects: 0.529400 ms CreateObjectMapping: 0.936700 ms MarkObjects: 3.194600 ms  DeleteObjects: 0.028500 ms)

========================================================================
Received Prepare
Shader 'Universal Render Pipeline/Particles/Lit': fallback shader 'Universal Render Pipeline/Particles/SimpleLit' not found
Refreshing native plugins compatible for Editor in 1.73 ms, found 0 plugins.
Preloading 0 native plugins for Editor in 0.00 ms.
Unloading 6 Unused Serialized files (Serialized files now loaded: 0)
System memory in use before: 59.5 MB.
System memory in use after: 59.7 MB.

Unloading 3 unused Assets to reduce memory usage. Loaded Objects now: 2830.
Total: 2.385300 ms (FindLiveObjects: 0.308800 ms CreateObjectMapping: 0.138900 ms MarkObjects: 1.905800 ms  DeleteObjects: 0.030200 ms)

========================================================================
Received Import Request.
  Time since last request: 340.013074 seconds.
  path: Assets/Prefabs/SininPrefabs/Main Camera.prefab
  artifactKey: Guid(a30473ed6b022c3498a563e36e40b368) Importer(815301076,1909f56bfc062723c751e8b465ee728b)
Start importing Assets/Prefabs/SininPrefabs/Main Camera.prefab using Guid(a30473ed6b022c3498a563e36e40b368) Importer(815301076,1909f56bfc062723c751e8b465ee728b)  -> (artifact id: '673da0589818df4a29ee7f1e6e6295d6') in 0.112568 seconds
  Import took 0.118147 seconds .

========================================================================
Received Import Request.
  Time since last request: 0.094149 seconds.
  path: Assets/Prefabs/SininPrefabs/Main Camera.prefab
  artifactKey: Guid(a30473ed6b022c3498a563e36e40b368) Importer(815301076,1909f56bfc062723c751e8b465ee728b)
Start importing Assets/Prefabs/SininPrefabs/Main Camera.prefab using Guid(a30473ed6b022c3498a563e36e40b368) Importer(815301076,1909f56bfc062723c751e8b465ee728b)  -> (artifact id: '673da0589818df4a29ee7f1e6e6295d6') in 0.007975 seconds
  Import took 0.012404 seconds .

========================================================================
Received Import Request.
  Time since last request: 2.083048 seconds.
  path: Assets/Prefabs/SininPrefabs/Directional Light.prefab
  artifactKey: Guid(4ce94495cb7b3ee48b993749de7f3d69) Importer(815301076,1909f56bfc062723c751e8b465ee728b)
Start importing Assets/Prefabs/SininPrefabs/Directional Light.prefab using Guid(4ce94495cb7b3ee48b993749de7f3d69) Importer(815301076,1909f56bfc062723c751e8b465ee728b)  -> (artifact id: '5531203254eda5e202157ab2ec792b70') in 0.007044 seconds
  Import took 0.011955 seconds .

========================================================================
Received Import Request.
  Time since last request: 0.007116 seconds.
  path: Assets/Prefabs/SininPrefabs/Directional Light.prefab
  artifactKey: Guid(4ce94495cb7b3ee48b993749de7f3d69) Importer(815301076,1909f56bfc062723c751e8b465ee728b)
Start importing Assets/Prefabs/SininPrefabs/Directional Light.prefab using Guid(4ce94495cb7b3ee48b993749de7f3d69) Importer(815301076,1909f56bfc062723c751e8b465ee728b)  -> (artifact id: '5531203254eda5e202157ab2ec792b70') in 0.007561 seconds
  Import took 0.011877 seconds .

========================================================================
Received Import Request.
  Time since last request: 56.309358 seconds.
  path: Assets/Scripts
  artifactKey: Guid(fafc9d97d4cc2324b8ce1488233627a0) Importer(815301076,1909f56bfc062723c751e8b465ee728b)
Start importing Assets/Scripts using Guid(fafc9d97d4cc2324b8ce1488233627a0) Importer(815301076,1909f56bfc062723c751e8b465ee728b)  -> (artifact id: '489670866939de6e3a9f95deba0f1ae2') in 0.004130 seconds
  Import took 0.009163 seconds .

========================================================================
Received Import Request.
  Time since last request: 0.005143 seconds.
  path: Assets/Scripts
  artifactKey: Guid(fafc9d97d4cc2324b8ce1488233627a0) Importer(815301076,1909f56bfc062723c751e8b465ee728b)
Start importing Assets/Scripts using Guid(fafc9d97d4cc2324b8ce1488233627a0) Importer(815301076,1909f56bfc062723c751e8b465ee728b)  -> (artifact id: '489670866939de6e3a9f95deba0f1ae2') in 0.003270 seconds
  Import took 0.009346 seconds .

========================================================================
Received Import Request.
  Time since last request: 9.991444 seconds.
  path: Assets/Scripts/SininSkriptit
  artifactKey: Guid(720b4a570a7c37d4aa159aad2acd6734) Importer(815301076,1909f56bfc062723c751e8b465ee728b)
Start importing Assets/Scripts/SininSkriptit using Guid(720b4a570a7c37d4aa159aad2acd6734) Importer(815301076,1909f56bfc062723c751e8b465ee728b)  -> (artifact id: 'eb631f6443ea0837f4136eb637644ff8') in 0.006256 seconds
  Import took 0.011288 seconds .

========================================================================
Received Import Request.
  Time since last request: 374.285056 seconds.
  path: Assets/Scripts/SininSkriptit/SK_UpdatePolygonCollider.cs
  artifactKey: Guid(f913c7aaef7952444a08dcc1fc97005e) Importer(815301076,1909f56bfc062723c751e8b465ee728b)
Start importing Assets/Scripts/SininSkriptit/SK_UpdatePolygonCollider.cs using Guid(f913c7aaef7952444a08dcc1fc97005e) Importer(815301076,1909f56bfc062723c751e8b465ee728b)  -> (artifact id: '4ece6e01e7bf3be1e3d1c927e246acac') in 0.040570 seconds
  Import took 0.055737 seconds .

========================================================================
Received Prepare
Registering precompiled user dll's ...
Registered in 0.001719 seconds.
Begin MonoManager ReloadAssembly
Native extension for WindowsStandalone target not found
Refreshing native plugins compatible for Editor in 0.38 ms, found 0 plugins.
Preloading 0 native plugins for Editor in 0.00 ms.
Invoked RoslynAnalysisRunner static constructor.
RoslynAnalysisRunner will not be running.
RoslynAnalysisRunner has terminated.
Mono: successfully reloaded assembly
- Completed reload, in  1.115 seconds
Platform modules already initialized, skipping
Shader 'Universal Render Pipeline/Particles/Lit': fallback shader 'Universal Render Pipeline/Particles/SimpleLit' not found
Refreshing native plugins compatible for Editor in 0.40 ms, found 0 plugins.
Preloading 0 native plugins for Editor in 0.00 ms.
Unloading 2283 Unused Serialized files (Serialized files now loaded: 0)
System memory in use before: 106.3 MB.
System memory in use after: 106.6 MB.

Unloading 5 unused Assets to reduce memory usage. Loaded Objects now: 2833.
Total: 3.090900 ms (FindLiveObjects: 0.533200 ms CreateObjectMapping: 0.180400 ms MarkObjects: 2.322900 ms  DeleteObjects: 0.052600 ms)

========================================================================
Received Prepare
Registering precompiled user dll's ...
Registered in 0.001893 seconds.
Begin MonoManager ReloadAssembly
Native extension for WindowsStandalone target not found
Refreshing native plugins compatible for Editor in 0.86 ms, found 0 plugins.
Preloading 0 native plugins for Editor in 0.00 ms.
Invoked RoslynAnalysisRunner static constructor.
RoslynAnalysisRunner will not be running.
RoslynAnalysisRunner has terminated.
Mono: successfully reloaded assembly
- Completed reload, in  1.214 seconds
Platform modules already initialized, skipping
Shader 'Universal Render Pipeline/Particles/Lit': fallback shader 'Universal Render Pipeline/Particles/SimpleLit' not found
Refreshing native plugins compatible for Editor in 0.77 ms, found 0 plugins.
Preloading 0 native plugins for Editor in 0.00 ms.
Unloading 2284 Unused Serialized files (Serialized files now loaded: 0)
System memory in use before: 106.8 MB.
System memory in use after: 107.0 MB.

Unloading 5 unused Assets to reduce memory usage. Loaded Objects now: 2835.
Total: 4.172700 ms (FindLiveObjects: 0.623800 ms CreateObjectMapping: 0.324000 ms MarkObjects: 3.180200 ms  DeleteObjects: 0.042500 ms)

========================================================================
Received Import Request.
  Time since last request: 765.989353 seconds.
  path: Assets/Scripts/SininSkriptit/SK_UpdatePolygonCollider.cs
  artifactKey: Guid(f913c7aaef7952444a08dcc1fc97005e) Importer(815301076,1909f56bfc062723c751e8b465ee728b)
Start importing Assets/Scripts/SininSkriptit/SK_UpdatePolygonCollider.cs using Guid(f913c7aaef7952444a08dcc1fc97005e) Importer(815301076,1909f56bfc062723c751e8b465ee728b)  -> (artifact id: '8e248985969d22d8a04daa4cfb5f9608') in 0.012273 seconds
  Import took 0.019585 seconds .

========================================================================
Received Prepare
Registering precompiled user dll's ...
Registered in 0.001978 seconds.
Begin MonoManager ReloadAssembly
Native extension for WindowsStandalone target not found
Refreshing native plugins compatible for Editor in 0.42 ms, found 0 plugins.
Preloading 0 native plugins for Editor in 0.00 ms.
Invoked RoslynAnalysisRunner static constructor.
RoslynAnalysisRunner will not be running.
RoslynAnalysisRunner has terminated.
Mono: successfully reloaded assembly
- Completed reload, in  1.154 seconds
Platform modules already initialized, skipping
Shader 'Universal Render Pipeline/Particles/Lit': fallback shader 'Universal Render Pipeline/Particles/SimpleLit' not found
Refreshing native plugins compatible for Editor in 0.42 ms, found 0 plugins.
Preloading 0 native plugins for Editor in 0.00 ms.
Unloading 2284 Unused Serialized files (Serialized files now loaded: 0)
System memory in use before: 106.4 MB.
System memory in use after: 106.6 MB.

Unloading 5 unused Assets to reduce memory usage. Loaded Objects now: 2837.
Total: 3.904000 ms (FindLiveObjects: 0.300600 ms CreateObjectMapping: 0.167500 ms MarkObjects: 3.320700 ms  DeleteObjects: 0.113400 ms)

========================================================================
Received Prepare
Registering precompiled user dll's ...
Registered in 0.001960 seconds.
Begin MonoManager ReloadAssembly
Native extension for WindowsStandalone target not found
Refreshing native plugins compatible for Editor in 0.39 ms, found 0 plugins.
Preloading 0 native plugins for Editor in 0.00 ms.
Invoked RoslynAnalysisRunner static constructor.
RoslynAnalysisRunner will not be running.
RoslynAnalysisRunner has terminated.
Mono: successfully reloaded assembly
- Completed reload, in  1.173 seconds
Platform modules already initialized, skipping
Shader 'Universal Render Pipeline/Particles/Lit': fallback shader 'Universal Render Pipeline/Particles/SimpleLit' not found
Refreshing native plugins compatible for Editor in 0.46 ms, found 0 plugins.
Preloading 0 native plugins for Editor in 0.00 ms.
Unloading 2284 Unused Serialized files (Serialized files now loaded: 0)
System memory in use before: 106.7 MB.
System memory in use after: 106.9 MB.

Unloading 5 unused Assets to reduce memory usage. Loaded Objects now: 2839.
Total: 4.133500 ms (FindLiveObjects: 0.521800 ms CreateObjectMapping: 0.157300 ms MarkObjects: 3.404900 ms  DeleteObjects: 0.047800 ms)

========================================================================
Received Prepare
Registering precompiled user dll's ...
Registered in 0.001829 seconds.
Begin MonoManager ReloadAssembly
Native extension for WindowsStandalone target not found
Refreshing native plugins compatible for Editor in 0.39 ms, found 0 plugins.
Preloading 0 native plugins for Editor in 0.00 ms.
Invoked RoslynAnalysisRunner static constructor.
RoslynAnalysisRunner will not be running.
RoslynAnalysisRunner has terminated.
Mono: successfully reloaded assembly
- Completed reload, in  1.090 seconds
Platform modules already initialized, skipping
Shader 'Universal Render Pipeline/Particles/Lit': fallback shader 'Universal Render Pipeline/Particles/SimpleLit' not found
Refreshing native plugins compatible for Editor in 0.43 ms, found 0 plugins.
Preloading 0 native plugins for Editor in 0.00 ms.
Unloading 2284 Unused Serialized files (Serialized files now loaded: 0)
System memory in use before: 106.4 MB.
System memory in use after: 106.6 MB.

Unloading 5 unused Assets to reduce memory usage. Loaded Objects now: 2841.
Total: 3.434600 ms (FindLiveObjects: 0.402300 ms CreateObjectMapping: 0.188300 ms MarkObjects: 2.821900 ms  DeleteObjects: 0.020800 ms)

========================================================================
Received Prepare
Registering precompiled user dll's ...
Registered in 0.002137 seconds.
Begin MonoManager ReloadAssembly
Native extension for WindowsStandalone target not found
Refreshing native plugins compatible for Editor in 0.52 ms, found 0 plugins.
Preloading 0 native plugins for Editor in 0.00 ms.
Invoked RoslynAnalysisRunner static constructor.
RoslynAnalysisRunner will not be running.
RoslynAnalysisRunner has terminated.
Mono: successfully reloaded assembly
- Completed reload, in  1.209 seconds
Platform modules already initialized, skipping
Shader 'Universal Render Pipeline/Particles/Lit': fallback shader 'Universal Render Pipeline/Particles/SimpleLit' not found
Refreshing native plugins compatible for Editor in 0.68 ms, found 0 plugins.
Preloading 0 native plugins for Editor in 0.00 ms.
Unloading 2284 Unused Serialized files (Serialized files now loaded: 0)
System memory in use before: 106.8 MB.
System memory in use after: 107.0 MB.

Unloading 5 unused Assets to reduce memory usage. Loaded Objects now: 2843.
Total: 3.350000 ms (FindLiveObjects: 0.829000 ms CreateObjectMapping: 0.368600 ms MarkObjects: 2.117100 ms  DeleteObjects: 0.033600 ms)

========================================================================
Received Prepare
Registering precompiled user dll's ...
Registered in 0.003126 seconds.
Begin MonoManager ReloadAssembly
Native extension for WindowsStandalone target not found
Refreshing native plugins compatible for Editor in 0.40 ms, found 0 plugins.
Preloading 0 native plugins for Editor in 0.00 ms.
Invoked RoslynAnalysisRunner static constructor.
RoslynAnalysisRunner will not be running.
RoslynAnalysisRunner has terminated.
Mono: successfully reloaded assembly
- Completed reload, in  1.173 seconds
Platform modules already initialized, skipping
Shader 'Universal Render Pipeline/Particles/Lit': fallback shader 'Universal Render Pipeline/Particles/SimpleLit' not found
Refreshing native plugins compatible for Editor in 0.47 ms, found 0 plugins.
Preloading 0 native plugins for Editor in 0.00 ms.
Unloading 2284 Unused Serialized files (Serialized files now loaded: 0)
System memory in use before: 106.4 MB.
System memory in use after: 106.6 MB.

Unloading 5 unused Assets to reduce memory usage. Loaded Objects now: 2845.
Total: 2.945600 ms (FindLiveObjects: 0.556000 ms CreateObjectMapping: 0.410300 ms MarkObjects: 1.944300 ms  DeleteObjects: 0.033500 ms)

========================================================================
Received Prepare
Registering precompiled user dll's ...
Registered in 0.002011 seconds.
Begin MonoManager ReloadAssembly
Native extension for WindowsStandalone target not found
Refreshing native plugins compatible for Editor in 0.93 ms, found 0 plugins.
Preloading 0 native plugins for Editor in 0.00 ms.
Invoked RoslynAnalysisRunner static constructor.
RoslynAnalysisRunner will not be running.
RoslynAnalysisRunner has terminated.
Mono: successfully reloaded assembly
- Completed reload, in  1.302 seconds
Platform modules already initialized, skipping
Shader 'Universal Render Pipeline/Particles/Lit': fallback shader 'Universal Render Pipeline/Particles/SimpleLit' not found
Refreshing native plugins compatible for Editor in 0.46 ms, found 0 plugins.
Preloading 0 native plugins for Editor in 0.00 ms.
Unloading 2284 Unused Serialized files (Serialized files now loaded: 0)
System memory in use before: 106.8 MB.
System memory in use after: 107.1 MB.

Unloading 5 unused Assets to reduce memory usage. Loaded Objects now: 2847.
Total: 3.589100 ms (FindLiveObjects: 0.903600 ms CreateObjectMapping: 0.315800 ms MarkObjects: 2.347500 ms  DeleteObjects: 0.020300 ms)

========================================================================
Received Prepare
Registering precompiled user dll's ...
Registered in 0.001912 seconds.
Begin MonoManager ReloadAssembly
Native extension for WindowsStandalone target not found
Refreshing native plugins compatible for Editor in 0.41 ms, found 0 plugins.
Preloading 0 native plugins for Editor in 0.00 ms.
Invoked RoslynAnalysisRunner static constructor.
RoslynAnalysisRunner will not be running.
RoslynAnalysisRunner has terminated.
Mono: successfully reloaded assembly
- Completed reload, in  1.108 seconds
Platform modules already initialized, skipping
Shader 'Universal Render Pipeline/Particles/Lit': fallback shader 'Universal Render Pipeline/Particles/SimpleLit' not found
Refreshing native plugins compatible for Editor in 0.51 ms, found 0 plugins.
Preloading 0 native plugins for Editor in 0.00 ms.
Unloading 2284 Unused Serialized files (Serialized files now loaded: 0)
System memory in use before: 106.2 MB.
System memory in use after: 106.5 MB.

Unloading 5 unused Assets to reduce memory usage. Loaded Objects now: 2849.
Total: 2.429000 ms (FindLiveObjects: 0.338000 ms CreateObjectMapping: 0.145100 ms MarkObjects: 1.925400 ms  DeleteObjects: 0.019600 ms)

========================================================================
Received Prepare
Registering precompiled user dll's ...
Registered in 0.001916 seconds.
Begin MonoManager ReloadAssembly
Native extension for WindowsStandalone target not found
Refreshing native plugins compatible for Editor in 0.39 ms, found 0 plugins.
Preloading 0 native plugins for Editor in 0.00 ms.
Invoked RoslynAnalysisRunner static constructor.
RoslynAnalysisRunner will not be running.
RoslynAnalysisRunner has terminated.
Mono: successfully reloaded assembly
- Completed reload, in  1.108 seconds
Platform modules already initialized, skipping
Shader 'Universal Render Pipeline/Particles/Lit': fallback shader 'Universal Render Pipeline/Particles/SimpleLit' not found
Refreshing native plugins compatible for Editor in 0.41 ms, found 0 plugins.
Preloading 0 native plugins for Editor in 0.00 ms.
Unloading 2284 Unused Serialized files (Serialized files now loaded: 0)
System memory in use before: 106.8 MB.
System memory in use after: 107.1 MB.

Unloading 5 unused Assets to reduce memory usage. Loaded Objects now: 2851.
Total: 3.340500 ms (FindLiveObjects: 0.684000 ms CreateObjectMapping: 0.228800 ms MarkObjects: 2.389200 ms  DeleteObjects: 0.036600 ms)

========================================================================
Received Prepare
Registering precompiled user dll's ...
Registered in 0.001902 seconds.
Begin MonoManager ReloadAssembly
Native extension for WindowsStandalone target not found
Refreshing native plugins compatible for Editor in 0.41 ms, found 0 plugins.
Preloading 0 native plugins for Editor in 0.00 ms.
Invoked RoslynAnalysisRunner static constructor.
RoslynAnalysisRunner will not be running.
RoslynAnalysisRunner has terminated.
Mono: successfully reloaded assembly
- Completed reload, in  1.115 seconds
Platform modules already initialized, skipping
Shader 'Universal Render Pipeline/Particles/Lit': fallback shader 'Universal Render Pipeline/Particles/SimpleLit' not found
Refreshing native plugins compatible for Editor in 0.42 ms, found 0 plugins.
Preloading 0 native plugins for Editor in 0.00 ms.
Unloading 2284 Unused Serialized files (Serialized files now loaded: 0)
System memory in use before: 106.9 MB.
System memory in use after: 107.1 MB.

Unloading 5 unused Assets to reduce memory usage. Loaded Objects now: 2853.
Total: 3.268900 ms (FindLiveObjects: 0.353100 ms CreateObjectMapping: 0.240200 ms MarkObjects: 2.651200 ms  DeleteObjects: 0.022800 ms)

========================================================================
Received Prepare
Registering precompiled user dll's ...
Registered in 0.001849 seconds.
Begin MonoManager ReloadAssembly
Native extension for WindowsStandalone target not found
Refreshing native plugins compatible for Editor in 0.45 ms, found 0 plugins.
Preloading 0 native plugins for Editor in 0.00 ms.
Invoked RoslynAnalysisRunner static constructor.
RoslynAnalysisRunner will not be running.
RoslynAnalysisRunner has terminated.
Mono: successfully reloaded assembly
- Completed reload, in  1.232 seconds
Platform modules already initialized, skipping
Shader 'Universal Render Pipeline/Particles/Lit': fallback shader 'Universal Render Pipeline/Particles/SimpleLit' not found
Refreshing native plugins compatible for Editor in 0.43 ms, found 0 plugins.
Preloading 0 native plugins for Editor in 0.00 ms.
Unloading 2284 Unused Serialized files (Serialized files now loaded: 0)
System memory in use before: 106.8 MB.
System memory in use after: 107.0 MB.

Unloading 5 unused Assets to reduce memory usage. Loaded Objects now: 2855.
Total: 2.674800 ms (FindLiveObjects: 0.298200 ms CreateObjectMapping: 0.165800 ms MarkObjects: 2.187700 ms  DeleteObjects: 0.021700 ms)

========================================================================
Received Prepare
Registering precompiled user dll's ...
Registered in 0.002031 seconds.
Begin MonoManager ReloadAssembly
Native extension for WindowsStandalone target not found
Refreshing native plugins compatible for Editor in 0.55 ms, found 0 plugins.
Preloading 0 native plugins for Editor in 0.00 ms.
Invoked RoslynAnalysisRunner static constructor.
RoslynAnalysisRunner will not be running.
RoslynAnalysisRunner has terminated.
Mono: successfully reloaded assembly
- Completed reload, in  1.370 seconds
Platform modules already initialized, skipping
Shader 'Universal Render Pipeline/Particles/Lit': fallback shader 'Universal Render Pipeline/Particles/SimpleLit' not found
Refreshing native plugins compatible for Editor in 0.43 ms, found 0 plugins.
Preloading 0 native plugins for Editor in 0.00 ms.
Unloading 2284 Unused Serialized files (Serialized files now loaded: 0)
System memory in use before: 106.9 MB.
System memory in use after: 107.1 MB.

Unloading 5 unused Assets to reduce memory usage. Loaded Objects now: 2857.
Total: 2.918000 ms (FindLiveObjects: 0.395400 ms CreateObjectMapping: 0.189300 ms MarkObjects: 2.312300 ms  DeleteObjects: 0.019300 ms)

========================================================================
Received Prepare
Registering precompiled user dll's ...
Registered in 0.002611 seconds.
Begin MonoManager ReloadAssembly
Native extension for WindowsStandalone target not found
Refreshing native plugins compatible for Editor in 0.38 ms, found 0 plugins.
Preloading 0 native plugins for Editor in 0.00 ms.
Invoked RoslynAnalysisRunner static constructor.
RoslynAnalysisRunner will not be running.
RoslynAnalysisRunner has terminated.
Mono: successfully reloaded assembly
- Completed reload, in  1.134 seconds
Platform modules already initialized, skipping
Shader 'Universal Render Pipeline/Particles/Lit': fallback shader 'Universal Render Pipeline/Particles/SimpleLit' not found
Refreshing native plugins compatible for Editor in 0.41 ms, found 0 plugins.
Preloading 0 native plugins for Editor in 0.00 ms.
Unloading 2284 Unused Serialized files (Serialized files now loaded: 0)
System memory in use before: 106.7 MB.
System memory in use after: 106.9 MB.

Unloading 5 unused Assets to reduce memory usage. Loaded Objects now: 2859.
Total: 3.244600 ms (FindLiveObjects: 0.575900 ms CreateObjectMapping: 0.264800 ms MarkObjects: 2.353900 ms  DeleteObjects: 0.048700 ms)

========================================================================
Received Prepare
Registering precompiled user dll's ...
Registered in 0.001865 seconds.
Begin MonoManager ReloadAssembly
Native extension for WindowsStandalone target not found
Refreshing native plugins compatible for Editor in 0.66 ms, found 0 plugins.
Preloading 0 native plugins for Editor in 0.00 ms.
Invoked RoslynAnalysisRunner static constructor.
RoslynAnalysisRunner will not be running.
RoslynAnalysisRunner has terminated.
Mono: successfully reloaded assembly
- Completed reload, in  1.148 seconds
Platform modules already initialized, skipping
Shader 'Universal Render Pipeline/Particles/Lit': fallback shader 'Universal Render Pipeline/Particles/SimpleLit' not found
Refreshing native plugins compatible for Editor in 0.42 ms, found 0 plugins.
Preloading 0 native plugins for Editor in 0.00 ms.
Unloading 2284 Unused Serialized files (Serialized files now loaded: 0)
System memory in use before: 106.9 MB.
System memory in use after: 107.1 MB.

Unloading 5 unused Assets to reduce memory usage. Loaded Objects now: 2861.
Total: 2.746500 ms (FindLiveObjects: 0.443200 ms CreateObjectMapping: 0.362200 ms MarkObjects: 1.919000 ms  DeleteObjects: 0.020800 ms)

========================================================================
Received Prepare
Registering precompiled user dll's ...
Registered in 0.001925 seconds.
Begin MonoManager ReloadAssembly
Native extension for WindowsStandalone target not found
Refreshing native plugins compatible for Editor in 0.39 ms, found 0 plugins.
Preloading 0 native plugins for Editor in 0.00 ms.
Invoked RoslynAnalysisRunner static constructor.
RoslynAnalysisRunner will not be running.
RoslynAnalysisRunner has terminated.
Mono: successfully reloaded assembly
- Completed reload, in  1.178 seconds
Platform modules already initialized, skipping
Shader 'Universal Render Pipeline/Particles/Lit': fallback shader 'Universal Render Pipeline/Particles/SimpleLit' not found
Refreshing native plugins compatible for Editor in 0.47 ms, found 0 plugins.
Preloading 0 native plugins for Editor in 0.00 ms.
Unloading 2284 Unused Serialized files (Serialized files now loaded: 0)
System memory in use before: 106.8 MB.
System memory in use after: 107.0 MB.

Unloading 5 unused Assets to reduce memory usage. Loaded Objects now: 2863.
Total: 2.589500 ms (FindLiveObjects: 0.306200 ms CreateObjectMapping: 0.241300 ms MarkObjects: 2.007600 ms  DeleteObjects: 0.032900 ms)

========================================================================
Received Prepare
Registering precompiled user dll's ...
Registered in 0.002084 seconds.
Begin MonoManager ReloadAssembly
Native extension for WindowsStandalone target not found
Refreshing native plugins compatible for Editor in 0.57 ms, found 0 plugins.
Preloading 0 native plugins for Editor in 0.00 ms.
Invoked RoslynAnalysisRunner static constructor.
RoslynAnalysisRunner will not be running.
RoslynAnalysisRunner has terminated.
Mono: successfully reloaded assembly
- Completed reload, in  1.809 seconds
Platform modules already initialized, skipping
Shader 'Universal Render Pipeline/Particles/Lit': fallback shader 'Universal Render Pipeline/Particles/SimpleLit' not found
Refreshing native plugins compatible for Editor in 3.06 ms, found 0 plugins.
Preloading 0 native plugins for Editor in 0.00 ms.
Unloading 2284 Unused Serialized files (Serialized files now loaded: 0)
System memory in use before: 106.9 MB.
System memory in use after: 107.1 MB.

Unloading 5 unused Assets to reduce memory usage. Loaded Objects now: 2865.
Total: 5.505600 ms (FindLiveObjects: 0.979000 ms CreateObjectMapping: 1.441900 ms MarkObjects: 3.049600 ms  DeleteObjects: 0.033600 ms)

========================================================================
Received Prepare
Registering precompiled user dll's ...
Registered in 0.003563 seconds.
Begin MonoManager ReloadAssembly
Native extension for WindowsStandalone target not found
Refreshing native plugins compatible for Editor in 0.39 ms, found 0 plugins.
Preloading 0 native plugins for Editor in 0.00 ms.
Invoked RoslynAnalysisRunner static constructor.
RoslynAnalysisRunner will not be running.
RoslynAnalysisRunner has terminated.
Mono: successfully reloaded assembly
- Completed reload, in  1.170 seconds
Platform modules already initialized, skipping
Shader 'Universal Render Pipeline/Particles/Lit': fallback shader 'Universal Render Pipeline/Particles/SimpleLit' not found
Refreshing native plugins compatible for Editor in 0.43 ms, found 0 plugins.
Preloading 0 native plugins for Editor in 0.00 ms.
Unloading 2284 Unused Serialized files (Serialized files now loaded: 0)
System memory in use before: 106.8 MB.
System memory in use after: 107.0 MB.

Unloading 5 unused Assets to reduce memory usage. Loaded Objects now: 2867.
Total: 3.160500 ms (FindLiveObjects: 0.571300 ms CreateObjectMapping: 0.178500 ms MarkObjects: 2.382900 ms  DeleteObjects: 0.026100 ms)

========================================================================
Received Import Request.
  Time since last request: 3049.052571 seconds.
  path: Assets/Prefabs/SininPrefabs/PolygonColliderPrefab.prefab
  artifactKey: Guid(11ded4262f7ff7f41b4225c5d3a9a67b) Importer(815301076,1909f56bfc062723c751e8b465ee728b)
Start importing Assets/Prefabs/SininPrefabs/PolygonColliderPrefab.prefab using Guid(11ded4262f7ff7f41b4225c5d3a9a67b) Importer(815301076,1909f56bfc062723c751e8b465ee728b)  -> (artifact id: '26f397eac62aa55e65bc3b0d05ec6a35') in 1.592661 seconds
  Import took 1.621375 seconds .

AssetImportWorkerClient::OnTransportError - code=2 error=End of file
